============================= test session starts ==============================
platform darwin -- Python 3.13.7, pytest-9.1.1, pluggy-1.6.0 -- /Users/dipdip/code/jnr/junior-backend/.venv/bin/python
cachedir: .pytest_cache
rootdir: /Users/dipdip/code/jnr/junior-backend
plugins: asyncio-1.4.0, anyio-4.13.0
asyncio: mode=Mode.STRICT, debug=False, asyncio_default_fixture_loop_scope=None, asyncio_default_test_loop_scope=function
collecting ... collected 8 items

tests/test_webhook_idempotency.py::test_payment_succeeded_first_call_writes_user_and_event PASSED [ 12%]
tests/test_webhook_idempotency.py::test_duplicate_payment_succeeded_returns_200_no_double_write PASSED [ 25%]
tests/test_webhook_idempotency.py::test_reconciliation_detects_synthetic_drift PASSED [ 37%]
tests/test_webhook_idempotency.py::test_reconciliation_alert_severity_above_5_percent PASSED [ 50%]
tests/test_webhook_idempotency.py::test_dead_letter_written_on_handler_exception PASSED [ 62%]
tests/test_webhook_idempotency.py::test_dead_letter_retry_succeeds PASSED [ 75%]
tests/test_webhook_idempotency.py::test_sentry_breadcrumb_captured_on_payment_succeeded PASSED [ 87%]
tests/test_webhook_idempotency.py::test_sentry_breadcrumb_captured_on_membership_valid PASSED [100%]

=============================== warnings summary ===============================
.venv/lib/python3.13/site-packages/fastapi/testclient.py:1
  /Users/dipdip/code/jnr/junior-backend/.venv/lib/python3.13/site-packages/fastapi/testclient.py:1: StarletteDeprecationWarning: Using `httpx` with `starlette.testclient` is deprecated; install `httpx2` instead.
    from starlette.testclient import TestClient as TestClient  # noqa

app/routes/notifications.py:32
  /Users/dipdip/code/jnr/junior-backend/app/routes/notifications.py:32: PydanticDeprecatedSince20: Support for class-based `config` is deprecated, use ConfigDict instead. Deprecated in Pydantic V2.0 to be removed in V3.0. See Pydantic V2 Migration Guide at https://errors.pydantic.dev/2.13/migration/
    class NotificationDto(BaseModel):

tests/test_webhook_idempotency.py::test_payment_succeeded_first_call_writes_user_and_event
  /Users/dipdip/code/jnr/junior-backend/app/routes/schedules.py:88: PydanticDeprecatedSince20: Support for class-based `config` is deprecated, use ConfigDict instead. Deprecated in Pydantic V2.0 to be removed in V3.0. See Pydantic V2 Migration Guide at https://errors.pydantic.dev/2.13/migration/
    class ScheduleResponse(BaseModel):

-- Docs: https://docs.pytest.org/en/stable/how-to/capture-warnings.html
======================== 8 passed, 3 warnings in 7.01s =========================
